This file contains any messages produced by compilers while
running configure, to aid debugging if configure makes a mistake.

It was created by fuse-tutorial configure 2018-02-04, which was
generated by GNU Autoconf 2.69.  Invocation command line was

  $ ./configure --no-create --no-recursion

## --------- ##
## Platform. ##
## --------- ##

hostname = vm1
uname -m = x86_64
uname -r = 4.15.0-153-generic
uname -s = Linux
uname -v = #160-Ubuntu SMP Thu Jul 29 06:54:29 UTC 2021

/usr/bin/uname -p = unknown
/bin/uname -X     = unknown

/bin/arch              = unknown
/usr/bin/arch -k       = unknown
/usr/convex/getsysinfo = unknown
/usr/bin/hostinfo      = unknown
/bin/machine           = unknown
/usr/bin/oslevel       = unknown
/bin/universe          = unknown

PATH: /usr/local/sbin
PATH: /usr/local/bin
PATH: /usr/sbin
PATH: /usr/bin
PATH: /sbin
PATH: /bin
PATH: /usr/games
PATH: /usr/local/games
PATH: /snap/bin


## ----------- ##
## Core tests. ##
## ----------- ##

configure:2382: checking for a BSD-compatible install
configure:2450: result: /usr/bin/install -c
configure:2461: checking whether build environment is sane
configure:2516: result: yes
configure:2667: checking for a thread-safe mkdir -p
configure:2706: result: /bin/mkdir -p
configure:2713: checking for gawk
configure:2729: found /usr/bin/gawk
configure:2740: result: gawk
configure:2751: checking whether make sets $(MAKE)
configure:2773: result: yes
configure:2802: checking whether make supports nested variables
configure:2819: result: yes
configure:2999: checking for gcc
configure:3015: found /usr/bin/gcc
configure:3026: result: gcc
configure:3255: checking for C compiler version
configure:3264: gcc --version >&5
gcc (Ubuntu 7.5.0-3ubuntu1~18.04) 7.5.0
Copyright (C) 2017 Free Software Foundation, Inc.
This is free software; see the source for copying conditions.  There is NO
warranty; not even for MERCHANTABILITY or FITNESS FOR A PARTICULAR PURPOSE.

configure:3275: $? = 0
configure:3264: gcc -v >&5
Using built-in specs.
COLLECT_GCC=gcc
COLLECT_LTO_WRAPPER=/usr/lib/gcc/x86_64-linux-gnu/7/lto-wrapper
OFFLOAD_TARGET_NAMES=nvptx-none
OFFLOAD_TARGET_DEFAULT=1
Target: x86_64-linux-gnu
Configured with: ../src/configure -v --with-pkgversion='Ubuntu 7.5.0-3ubuntu1~18.04' --with-bugurl=file:///usr/share/doc/gcc-7/README.Bugs --enable-languages=c,ada,c++,go,brig,d,fortran,objc,obj-c++ --prefix=/usr --with-gcc-major-version-only --program-suffix=-7 --program-prefix=x86_64-linux-gnu- --enable-shared --enable-linker-build-id --libexecdir=/usr/lib --without-included-gettext --enable-threads=posix --libdir=/usr/lib --enable-nls --enable-bootstrap --enable-clocale=gnu --enable-libstdcxx-debug --enable-libstdcxx-time=yes --with-default-libstdcxx-abi=new --enable-gnu-unique-object --disable-vtable-verify --enable-libmpx --enable-plugin --enable-default-pie --with-system-zlib --with-target-system-zlib --enable-objc-gc=auto --enable-multiarch --disable-werror --with-arch-32=i686 --with-abi=m64 --with-multilib-list=m32,m64,mx32 --enable-multilib --with-tune=generic --enable-offload-targets=nvptx-none --without-cuda-driver --enable-checking=release --build=x86_64-linux-gnu --host=x86_64-linux-gnu --target=x86_64-linux-gnu
Thread model: posix
gcc version 7.5.0 (Ubuntu 7.5.0-3ubuntu1~18.04) 
configure:3275: $? = 0
configure:3264: gcc -V >&5
gcc: error: unrecognized command line option '-V'
gcc: fatal error: no input files
compilation terminated.
configure:3275: $? = 1
configure:3264: gcc -qversion >&5
gcc: error: unrecognized command line option '-qversion'; did you mean '--version'?
gcc: fatal error: no input files
compilation terminated.
configure:3275: $? = 1
configure:3295: checking whether the C compiler works
configure:3317: gcc    conftest.c  >&5
configure:3321: $? = 0
configure:3369: result: yes
configure:3372: checking for C compiler default output file name
configure:3374: result: a.out
configure:3380: checking for suffix of executables
configure:3387: gcc -o conftest    conftest.c  >&5
configure:3391: $? = 0
configure:3413: result: 
configure:3435: checking whether we are cross compiling
configure:3443: gcc -o conftest    conftest.c  >&5
configure:3447: $? = 0
configure:3454: ./conftest
configure:3458: $? = 0
configure:3473: result: no
configure:3478: checking for suffix of object files
configure:3500: gcc -c   conftest.c >&5
configure:3504: $? = 0
configure:3525: result: o
configure:3529: checking whether we are using the GNU C compiler
configure:3548: gcc -c   conftest.c >&5
configure:3548: $? = 0
configure:3557: result: yes
configure:3566: checking whether gcc accepts -g
configure:3586: gcc -c -g  conftest.c >&5
configure:3586: $? = 0
configure:3627: result: yes
configure:3644: checking for gcc option to accept ISO C89
configure:3707: gcc  -c -g -O2  conftest.c >&5
configure:3707: $? = 0
configure:3720: result: none needed
configure:3745: checking whether gcc understands -c and -o together
configure:3767: gcc -c conftest.c -o conftest2.o
configure:3770: $? = 0
configure:3767: gcc -c conftest.c -o conftest2.o
configure:3770: $? = 0
configure:3782: result: yes
configure:3802: checking whether make supports the include directive
configure:3817: make -f confmf.GNU && cat confinc.out
make[2]: Entering directory '/home/csci4180/fuse-tutorial-2018-02-04'
make[2]: Leaving directory '/home/csci4180/fuse-tutorial-2018-02-04'
this is the am__doit target
configure:3820: $? = 0
configure:3839: result: yes (GNU style)
configure:3864: checking dependency style of gcc
configure:3975: result: gcc3
configure:3998: checking how to run the C preprocessor
configure:4029: gcc -E  conftest.c
configure:4029: $? = 0
configure:4043: gcc -E  conftest.c
conftest.c:11:10: fatal error: ac_nonexistent.h: No such file or directory
 #include <ac_nonexistent.h>
          ^~~~~~~~~~~~~~~~~~
compilation terminated.
configure:4043: $? = 1
configure: failed program was:
| /* confdefs.h */
| #define PACKAGE_NAME "fuse-tutorial"
| #define PACKAGE_TARNAME "fuse-tutorial"
| #define PACKAGE_VERSION "2018-02-04"
| #define PACKAGE_STRING "fuse-tutorial 2018-02-04"
| #define PACKAGE_BUGREPORT "joseph@pfeifferfamily.net"
| #define PACKAGE_URL ""
| #define PACKAGE "fuse-tutorial"
| #define VERSION "2018-02-04"
| /* end confdefs.h.  */
| #include <ac_nonexistent.h>
configure:4068: result: gcc -E
configure:4088: gcc -E  conftest.c
configure:4088: $? = 0
configure:4102: gcc -E  conftest.c
conftest.c:11:10: fatal error: ac_nonexistent.h: No such file or directory
 #include <ac_nonexistent.h>
          ^~~~~~~~~~~~~~~~~~
compilation terminated.
configure:4102: $? = 1
configure: failed program was:
| /* confdefs.h */
| #define PACKAGE_NAME "fuse-tutorial"
| #define PACKAGE_TARNAME "fuse-tutorial"
| #define PACKAGE_VERSION "2018-02-04"
| #define PACKAGE_STRING "fuse-tutorial 2018-02-04"
| #define PACKAGE_BUGREPORT "joseph@pfeifferfamily.net"
| #define PACKAGE_URL ""
| #define PACKAGE "fuse-tutorial"
| #define VERSION "2018-02-04"
| /* end confdefs.h.  */
| #include <ac_nonexistent.h>
configure:4131: checking for grep that handles long lines and -e
configure:4189: result: /bin/grep
configure:4194: checking for egrep
configure:4256: result: /bin/grep -E
configure:4261: checking for ANSI C header files
configure:4281: gcc -c -g -O2  conftest.c >&5
configure:4281: $? = 0
configure:4354: gcc -o conftest -g -O2   conftest.c  >&5
configure:4354: $? = 0
configure:4354: ./conftest
configure:4354: $? = 0
configure:4365: result: yes
configure:4378: checking for sys/types.h
configure:4378: gcc -c -g -O2  conftest.c >&5
configure:4378: $? = 0
configure:4378: result: yes
configure:4378: checking for sys/stat.h
configure:4378: gcc -c -g -O2  conftest.c >&5
configure:4378: $? = 0
configure:4378: result: yes
configure:4378: checking for stdlib.h
configure:4378: gcc -c -g -O2  conftest.c >&5
configure:4378: $? = 0
configure:4378: result: yes
configure:4378: checking for string.h
configure:4378: gcc -c -g -O2  conftest.c >&5
configure:4378: $? = 0
configure:4378: result: yes
configure:4378: checking for memory.h
configure:4378: gcc -c -g -O2  conftest.c >&5
configure:4378: $? = 0
configure:4378: result: yes
configure:4378: checking for strings.h
configure:4378: gcc -c -g -O2  conftest.c >&5
configure:4378: $? = 0
configure:4378: result: yes
configure:4378: checking for inttypes.h
configure:4378: gcc -c -g -O2  conftest.c >&5
configure:4378: $? = 0
configure:4378: result: yes
configure:4378: checking for stdint.h
configure:4378: gcc -c -g -O2  conftest.c >&5
configure:4378: $? = 0
configure:4378: result: yes
configure:4378: checking for unistd.h
configure:4378: gcc -c -g -O2  conftest.c >&5
configure:4378: $? = 0
configure:4378: result: yes
configure:4393: checking fcntl.h usability
configure:4393: gcc -c -g -O2  conftest.c >&5
configure:4393: $? = 0
configure:4393: result: yes
configure:4393: checking fcntl.h presence
configure:4393: gcc -E  conftest.c
configure:4393: $? = 0
configure:4393: result: yes
configure:4393: checking for fcntl.h
configure:4393: result: yes
configure:4393: checking limits.h usability
configure:4393: gcc -c -g -O2  conftest.c >&5
configure:4393: $? = 0
configure:4393: result: yes
configure:4393: checking limits.h presence
configure:4393: gcc -E  conftest.c
configure:4393: $? = 0
configure:4393: result: yes
configure:4393: checking for limits.h
configure:4393: result: yes
configure:4393: checking for stdlib.h
configure:4393: result: yes
configure:4393: checking for string.h
configure:4393: result: yes
configure:4393: checking sys/statvfs.h usability
configure:4393: gcc -c -g -O2  conftest.c >&5
configure:4393: $? = 0
configure:4393: result: yes
configure:4393: checking sys/statvfs.h presence
configure:4393: gcc -E  conftest.c
configure:4393: $? = 0
configure:4393: result: yes
configure:4393: checking for sys/statvfs.h
configure:4393: result: yes
configure:4393: checking for unistd.h
configure:4393: result: yes
configure:4393: checking utime.h usability
configure:4393: gcc -c -g -O2  conftest.c >&5
configure:4393: $? = 0
configure:4393: result: yes
configure:4393: checking utime.h presence
configure:4393: gcc -E  conftest.c
configure:4393: $? = 0
configure:4393: result: yes
configure:4393: checking for utime.h
configure:4393: result: yes
configure:4393: checking sys/xattr.h usability
configure:4393: gcc -c -g -O2  conftest.c >&5
configure:4393: $? = 0
configure:4393: result: yes
configure:4393: checking sys/xattr.h presence
configure:4393: gcc -E  conftest.c
configure:4393: $? = 0
configure:4393: result: yes
configure:4393: checking for sys/xattr.h
configure:4393: result: yes
configure:4393: checking sys/socket.h usability
configure:4393: gcc -c -g -O2  conftest.c >&5
configure:4393: $? = 0
configure:4393: result: yes
configure:4393: checking sys/socket.h presence
configure:4393: gcc -E  conftest.c
configure:4393: $? = 0
configure:4393: result: yes
configure:4393: checking for sys/socket.h
configure:4393: result: yes
configure:4393: checking errno.h usability
configure:4393: gcc -c -g -O2  conftest.c >&5
configure:4393: $? = 0
configure:4393: result: yes
configure:4393: checking errno.h presence
configure:4393: gcc -E  conftest.c
configure:4393: $? = 0
configure:4393: result: yes
configure:4393: checking for errno.h
configure:4393: result: yes
configure:4393: checking sys/mman.h usability
configure:4393: gcc -c -g -O2  conftest.c >&5
configure:4393: $? = 0
configure:4393: result: yes
configure:4393: checking sys/mman.h presence
configure:4393: gcc -E  conftest.c
configure:4393: $? = 0
configure:4393: result: yes
configure:4393: checking for sys/mman.h
configure:4393: result: yes
configure:4393: checking math.h usability
configure:4393: gcc -c -g -O2  conftest.c >&5
configure:4393: $? = 0
configure:4393: result: yes
configure:4393: checking math.h presence
configure:4393: gcc -E  conftest.c
configure:4393: $? = 0
configure:4393: result: yes
configure:4393: checking for math.h
configure:4393: result: yes
configure:4393: checking pthread.h usability
configure:4393: gcc -c -g -O2  conftest.c >&5
configure:4393: $? = 0
configure:4393: result: yes
configure:4393: checking pthread.h presence
configure:4393: gcc -E  conftest.c
configure:4393: $? = 0
configure:4393: result: yes
configure:4393: checking for pthread.h
configure:4393: result: yes
configure:4459: checking for pkg-config
configure:4477: found /usr/bin/pkg-config
configure:4489: result: /usr/bin/pkg-config
configure:4514: checking pkg-config is at least version 0.9.0
configure:4517: result: yes
configure:4527: checking for FUSE
configure:4534: $PKG_CONFIG --exists --print-errors "fuse"
configure:4537: $? = 0
configure:4551: $PKG_CONFIG --exists --print-errors "fuse"
configure:4554: $? = 0
configure:4612: result: yes
configure:4618: checking for uid_t in sys/types.h
configure:4637: result: yes
configure:4648: checking for mode_t
configure:4648: gcc -c -g -O2  conftest.c >&5
configure:4648: $? = 0
configure:4648: gcc -c -g -O2  conftest.c >&5
conftest.c: In function 'main':
conftest.c:70:21: error: expected expression before ')' token
 if (sizeof ((mode_t)))
                     ^
configure:4648: $? = 1
configure: failed program was:
| /* confdefs.h */
| #define PACKAGE_NAME "fuse-tutorial"
| #define PACKAGE_TARNAME "fuse-tutorial"
| #define PACKAGE_VERSION "2018-02-04"
| #define PACKAGE_STRING "fuse-tutorial 2018-02-04"
| #define PACKAGE_BUGREPORT "joseph@pfeifferfamily.net"
| #define PACKAGE_URL ""
| #define PACKAGE "fuse-tutorial"
| #define VERSION "2018-02-04"
| #define STDC_HEADERS 1
| #define HAVE_SYS_TYPES_H 1
| #define HAVE_SYS_STAT_H 1
| #define HAVE_STDLIB_H 1
| #define HAVE_STRING_H 1
| #define HAVE_MEMORY_H 1
| #define HAVE_STRINGS_H 1
| #define HAVE_INTTYPES_H 1
| #define HAVE_STDINT_H 1
| #define HAVE_UNISTD_H 1
| #define HAVE_FCNTL_H 1
| #define HAVE_LIMITS_H 1
| #define HAVE_STDLIB_H 1
| #define HAVE_STRING_H 1
| #define HAVE_SYS_STATVFS_H 1
| #define HAVE_UNISTD_H 1
| #define HAVE_UTIME_H 1
| #define HAVE_SYS_XATTR_H 1
| #define HAVE_SYS_SOCKET_H 1
| #define HAVE_ERRNO_H 1
| #define HAVE_SYS_MMAN_H 1
| #define HAVE_MATH_H 1
| #define HAVE_PTHREAD_H 1
| /* end confdefs.h.  */
| #include <stdio.h>
| #ifdef HAVE_SYS_TYPES_H
| # include <sys/types.h>
| #endif
| #ifdef HAVE_SYS_STAT_H
| # include <sys/stat.h>
| #endif
| #ifdef STDC_HEADERS
| # include <stdlib.h>
| # include <stddef.h>
| #else
| # ifdef HAVE_STDLIB_H
| #  include <stdlib.h>
| # endif
| #endif
| #ifdef HAVE_STRING_H
| # if !defined STDC_HEADERS && defined HAVE_MEMORY_H
| #  include <memory.h>
| # endif
| # include <string.h>
| #endif
| #ifdef HAVE_STRINGS_H
| # include <strings.h>
| #endif
| #ifdef HAVE_INTTYPES_H
| # include <inttypes.h>
| #endif
| #ifdef HAVE_STDINT_H
| # include <stdint.h>
| #endif
| #ifdef HAVE_UNISTD_H
| # include <unistd.h>
| #endif
| int
| main ()
| {
| if (sizeof ((mode_t)))
| 	    return 0;
|   ;
|   return 0;
| }
configure:4648: result: yes
configure:4659: checking for off_t
configure:4659: gcc -c -g -O2  conftest.c >&5
configure:4659: $? = 0
configure:4659: gcc -c -g -O2  conftest.c >&5
conftest.c: In function 'main':
conftest.c:70:20: error: expected expression before ')' token
 if (sizeof ((off_t)))
                    ^
configure:4659: $? = 1
configure: failed program was:
| /* confdefs.h */
| #define PACKAGE_NAME "fuse-tutorial"
| #define PACKAGE_TARNAME "fuse-tutorial"
| #define PACKAGE_VERSION "2018-02-04"
| #define PACKAGE_STRING "fuse-tutorial 2018-02-04"
| #define PACKAGE_BUGREPORT "joseph@pfeifferfamily.net"
| #define PACKAGE_URL ""
| #define PACKAGE "fuse-tutorial"
| #define VERSION "2018-02-04"
| #define STDC_HEADERS 1
| #define HAVE_SYS_TYPES_H 1
| #define HAVE_SYS_STAT_H 1
| #define HAVE_STDLIB_H 1
| #define HAVE_STRING_H 1
| #define HAVE_MEMORY_H 1
| #define HAVE_STRINGS_H 1
| #define HAVE_INTTYPES_H 1
| #define HAVE_STDINT_H 1
| #define HAVE_UNISTD_H 1
| #define HAVE_FCNTL_H 1
| #define HAVE_LIMITS_H 1
| #define HAVE_STDLIB_H 1
| #define HAVE_STRING_H 1
| #define HAVE_SYS_STATVFS_H 1
| #define HAVE_UNISTD_H 1
| #define HAVE_UTIME_H 1
| #define HAVE_SYS_XATTR_H 1
| #define HAVE_SYS_SOCKET_H 1
| #define HAVE_ERRNO_H 1
| #define HAVE_SYS_MMAN_H 1
| #define HAVE_MATH_H 1
| #define HAVE_PTHREAD_H 1
| /* end confdefs.h.  */
| #include <stdio.h>
| #ifdef HAVE_SYS_TYPES_H
| # include <sys/types.h>
| #endif
| #ifdef HAVE_SYS_STAT_H
| # include <sys/stat.h>
| #endif
| #ifdef STDC_HEADERS
| # include <stdlib.h>
| # include <stddef.h>
| #else
| # ifdef HAVE_STDLIB_H
| #  include <stdlib.h>
| # endif
| #endif
| #ifdef HAVE_STRING_H
| # if !defined STDC_HEADERS && defined HAVE_MEMORY_H
| #  include <memory.h>
| # endif
| # include <string.h>
| #endif
| #ifdef HAVE_STRINGS_H
| # include <strings.h>
| #endif
| #ifdef HAVE_INTTYPES_H
| # include <inttypes.h>
| #endif
| #ifdef HAVE_STDINT_H
| # include <stdint.h>
| #endif
| #ifdef HAVE_UNISTD_H
| # include <unistd.h>
| #endif
| int
| main ()
| {
| if (sizeof ((off_t)))
| 	    return 0;
|   ;
|   return 0;
| }
configure:4659: result: yes
configure:4670: checking for pid_t
configure:4670: gcc -c -g -O2  conftest.c >&5
configure:4670: $? = 0
configure:4670: gcc -c -g -O2  conftest.c >&5
conftest.c: In function 'main':
conftest.c:70:20: error: expected expression before ')' token
 if (sizeof ((pid_t)))
                    ^
configure:4670: $? = 1
configure: failed program was:
| /* confdefs.h */
| #define PACKAGE_NAME "fuse-tutorial"
| #define PACKAGE_TARNAME "fuse-tutorial"
| #define PACKAGE_VERSION "2018-02-04"
| #define PACKAGE_STRING "fuse-tutorial 2018-02-04"
| #define PACKAGE_BUGREPORT "joseph@pfeifferfamily.net"
| #define PACKAGE_URL ""
| #define PACKAGE "fuse-tutorial"
| #define VERSION "2018-02-04"
| #define STDC_HEADERS 1
| #define HAVE_SYS_TYPES_H 1
| #define HAVE_SYS_STAT_H 1
| #define HAVE_STDLIB_H 1
| #define HAVE_STRING_H 1
| #define HAVE_MEMORY_H 1
| #define HAVE_STRINGS_H 1
| #define HAVE_INTTYPES_H 1
| #define HAVE_STDINT_H 1
| #define HAVE_UNISTD_H 1
| #define HAVE_FCNTL_H 1
| #define HAVE_LIMITS_H 1
| #define HAVE_STDLIB_H 1
| #define HAVE_STRING_H 1
| #define HAVE_SYS_STATVFS_H 1
| #define HAVE_UNISTD_H 1
| #define HAVE_UTIME_H 1
| #define HAVE_SYS_XATTR_H 1
| #define HAVE_SYS_SOCKET_H 1
| #define HAVE_ERRNO_H 1
| #define HAVE_SYS_MMAN_H 1
| #define HAVE_MATH_H 1
| #define HAVE_PTHREAD_H 1
| /* end confdefs.h.  */
| #include <stdio.h>
| #ifdef HAVE_SYS_TYPES_H
| # include <sys/types.h>
| #endif
| #ifdef HAVE_SYS_STAT_H
| # include <sys/stat.h>
| #endif
| #ifdef STDC_HEADERS
| # include <stdlib.h>
| # include <stddef.h>
| #else
| # ifdef HAVE_STDLIB_H
| #  include <stdlib.h>
| # endif
| #endif
| #ifdef HAVE_STRING_H
| # if !defined STDC_HEADERS && defined HAVE_MEMORY_H
| #  include <memory.h>
| # endif
| # include <string.h>
| #endif
| #ifdef HAVE_STRINGS_H
| # include <strings.h>
| #endif
| #ifdef HAVE_INTTYPES_H
| # include <inttypes.h>
| #endif
| #ifdef HAVE_STDINT_H
| # include <stdint.h>
| #endif
| #ifdef HAVE_UNISTD_H
| # include <unistd.h>
| #endif
| int
| main ()
| {
| if (sizeof ((pid_t)))
| 	    return 0;
|   ;
|   return 0;
| }
configure:4670: result: yes
configure:4681: checking for size_t
configure:4681: gcc -c -g -O2  conftest.c >&5
configure:4681: $? = 0
configure:4681: gcc -c -g -O2  conftest.c >&5
conftest.c: In function 'main':
conftest.c:70:21: error: expected expression before ')' token
 if (sizeof ((size_t)))
                     ^
configure:4681: $? = 1
configure: failed program was:
| /* confdefs.h */
| #define PACKAGE_NAME "fuse-tutorial"
| #define PACKAGE_TARNAME "fuse-tutorial"
| #define PACKAGE_VERSION "2018-02-04"
| #define PACKAGE_STRING "fuse-tutorial 2018-02-04"
| #define PACKAGE_BUGREPORT "joseph@pfeifferfamily.net"
| #define PACKAGE_URL ""
| #define PACKAGE "fuse-tutorial"
| #define VERSION "2018-02-04"
| #define STDC_HEADERS 1
| #define HAVE_SYS_TYPES_H 1
| #define HAVE_SYS_STAT_H 1
| #define HAVE_STDLIB_H 1
| #define HAVE_STRING_H 1
| #define HAVE_MEMORY_H 1
| #define HAVE_STRINGS_H 1
| #define HAVE_INTTYPES_H 1
| #define HAVE_STDINT_H 1
| #define HAVE_UNISTD_H 1
| #define HAVE_FCNTL_H 1
| #define HAVE_LIMITS_H 1
| #define HAVE_STDLIB_H 1
| #define HAVE_STRING_H 1
| #define HAVE_SYS_STATVFS_H 1
| #define HAVE_UNISTD_H 1
| #define HAVE_UTIME_H 1
| #define HAVE_SYS_XATTR_H 1
| #define HAVE_SYS_SOCKET_H 1
| #define HAVE_ERRNO_H 1
| #define HAVE_SYS_MMAN_H 1
| #define HAVE_MATH_H 1
| #define HAVE_PTHREAD_H 1
| /* end confdefs.h.  */
| #include <stdio.h>
| #ifdef HAVE_SYS_TYPES_H
| # include <sys/types.h>
| #endif
| #ifdef HAVE_SYS_STAT_H
| # include <sys/stat.h>
| #endif
| #ifdef STDC_HEADERS
| # include <stdlib.h>
| # include <stddef.h>
| #else
| # ifdef HAVE_STDLIB_H
| #  include <stdlib.h>
| # endif
| #endif
| #ifdef HAVE_STRING_H
| # if !defined STDC_HEADERS && defined HAVE_MEMORY_H
| #  include <memory.h>
| # endif
| # include <string.h>
| #endif
| #ifdef HAVE_STRINGS_H
| # include <strings.h>
| #endif
| #ifdef HAVE_INTTYPES_H
| # include <inttypes.h>
| #endif
| #ifdef HAVE_STDINT_H
| # include <stdint.h>
| #endif
| #ifdef HAVE_UNISTD_H
| # include <unistd.h>
| #endif
| int
| main ()
| {
| if (sizeof ((size_t)))
| 	    return 0;
|   ;
|   return 0;
| }
configure:4681: result: yes
configure:4692: checking for struct stat.st_blksize
configure:4692: gcc -c -g -O2  conftest.c >&5
configure:4692: $? = 0
configure:4692: result: yes
configure:4702: checking for struct stat.st_blocks
configure:4702: gcc -c -g -O2  conftest.c >&5
configure:4702: $? = 0
configure:4702: result: yes
configure:4722: checking for struct stat.st_rdev
configure:4722: gcc -c -g -O2  conftest.c >&5
configure:4722: $? = 0
configure:4722: result: yes
configure:4732: checking for uint64_t
configure:4732: gcc -c -g -O2  conftest.c >&5
configure:4732: $? = 0
configure:4732: result: yes
configure:4750: checking for unistd.h
configure:4750: result: yes
configure:4760: checking for working chown
configure:4793: gcc -o conftest -g -O2   conftest.c  >&5
configure:4793: $? = 0
configure:4793: ./conftest
configure:4793: $? = 0
configure:4805: result: yes
configure:4813: checking whether lstat correctly handles trailing slash
configure:4839: gcc -o conftest -g -O2   conftest.c  >&5
configure:4839: $? = 0
configure:4839: ./conftest
configure:4839: $? = 0
configure:4856: result: yes
configure:4877: checking for stdlib.h
configure:4877: result: yes
configure:4887: checking for GNU libc compatible malloc
configure:4911: gcc -o conftest -g -O2   conftest.c  >&5
configure:4911: $? = 0
configure:4911: ./conftest
configure:4911: $? = 0
configure:4921: result: yes
configure:4945: checking for ftruncate
configure:4945: gcc -o conftest -g -O2   conftest.c  >&5
configure:4945: $? = 0
configure:4945: result: yes
configure:4945: checking for mkdir
configure:4945: gcc -o conftest -g -O2   conftest.c  >&5
configure:4945: $? = 0
configure:4945: result: yes
configure:4945: checking for mkfifo
configure:4945: gcc -o conftest -g -O2   conftest.c  >&5
configure:4945: $? = 0
configure:4945: result: yes
configure:4945: checking for realpath
configure:4945: gcc -o conftest -g -O2   conftest.c  >&5
configure:4945: $? = 0
configure:4945: result: yes
configure:4945: checking for rmdir
configure:4945: gcc -o conftest -g -O2   conftest.c  >&5
configure:4945: $? = 0
configure:4945: result: yes
configure:4945: checking for strerror
configure:4945: gcc -o conftest -g -O2   conftest.c  >&5
configure:4945: $? = 0
configure:4945: result: yes
configure:4945: checking for utime
configure:4945: gcc -o conftest -g -O2   conftest.c  >&5
configure:4945: $? = 0
configure:4945: result: yes
configure:4958: checking for fdatasync
configure:4958: gcc -o conftest -g -O2   conftest.c  >&5
configure:4958: $? = 0
configure:4958: result: yes
configure:5079: checking that generated files are newer than configure
configure:5085: result: done
configure:5108: creating ./config.status

## ---------------- ##
## Cache variables. ##
## ---------------- ##

ac_cv_c_compiler_gnu=yes
ac_cv_c_uint64_t=yes
ac_cv_env_CC_set=
ac_cv_env_CC_value=
ac_cv_env_CFLAGS_set=
ac_cv_env_CFLAGS_value=
ac_cv_env_CPPFLAGS_set=
ac_cv_env_CPPFLAGS_value=
ac_cv_env_CPP_set=
ac_cv_env_CPP_value=
ac_cv_env_FUSE_CFLAGS_set=
ac_cv_env_FUSE_CFLAGS_value=
ac_cv_env_FUSE_LIBS_set=
ac_cv_env_FUSE_LIBS_value=
ac_cv_env_LDFLAGS_set=
ac_cv_env_LDFLAGS_value=
ac_cv_env_LIBS_set=
ac_cv_env_LIBS_value=
ac_cv_env_PKG_CONFIG_LIBDIR_set=
ac_cv_env_PKG_CONFIG_LIBDIR_value=
ac_cv_env_PKG_CONFIG_PATH_set=
ac_cv_env_PKG_CONFIG_PATH_value=
ac_cv_env_PKG_CONFIG_set=
ac_cv_env_PKG_CONFIG_value=
ac_cv_env_build_alias_set=
ac_cv_env_build_alias_value=
ac_cv_env_host_alias_set=
ac_cv_env_host_alias_value=
ac_cv_env_target_alias_set=
ac_cv_env_target_alias_value=
ac_cv_func_chown_works=yes
ac_cv_func_fdatasync=yes
ac_cv_func_ftruncate=yes
ac_cv_func_lstat_dereferences_slashed_symlink=yes
ac_cv_func_malloc_0_nonnull=yes
ac_cv_func_mkdir=yes
ac_cv_func_mkfifo=yes
ac_cv_func_realpath=yes
ac_cv_func_rmdir=yes
ac_cv_func_strerror=yes
ac_cv_func_utime=yes
ac_cv_header_errno_h=yes
ac_cv_header_fcntl_h=yes
ac_cv_header_inttypes_h=yes
ac_cv_header_limits_h=yes
ac_cv_header_math_h=yes
ac_cv_header_memory_h=yes
ac_cv_header_pthread_h=yes
ac_cv_header_stdc=yes
ac_cv_header_stdint_h=yes
ac_cv_header_stdlib_h=yes
ac_cv_header_string_h=yes
ac_cv_header_strings_h=yes
ac_cv_header_sys_mman_h=yes
ac_cv_header_sys_socket_h=yes
ac_cv_header_sys_stat_h=yes
ac_cv_header_sys_statvfs_h=yes
ac_cv_header_sys_types_h=yes
ac_cv_header_sys_xattr_h=yes
ac_cv_header_unistd_h=yes
ac_cv_header_utime_h=yes
ac_cv_member_struct_stat_st_blksize=yes
ac_cv_member_struct_stat_st_blocks=yes
ac_cv_member_struct_stat_st_rdev=yes
ac_cv_objext=o
ac_cv_path_EGREP='/bin/grep -E'
ac_cv_path_GREP=/bin/grep
ac_cv_path_ac_pt_PKG_CONFIG=/usr/bin/pkg-config
ac_cv_path_install='/usr/bin/install -c'
ac_cv_path_mkdir=/bin/mkdir
ac_cv_prog_AWK=gawk
ac_cv_prog_CPP='gcc -E'
ac_cv_prog_ac_ct_CC=gcc
ac_cv_prog_cc_c89=
ac_cv_prog_cc_g=yes
ac_cv_prog_make_make_set=yes
ac_cv_type_mode_t=yes
ac_cv_type_off_t=yes
ac_cv_type_pid_t=yes
ac_cv_type_size_t=yes
ac_cv_type_uid_t=yes
am_cv_CC_dependencies_compiler_type=gcc3
am_cv_make_support_nested_variables=yes
am_cv_prog_cc_c_o=yes
pkg_cv_FUSE_CFLAGS='-D_FILE_OFFSET_BITS=64 -I/usr/include/fuse'
pkg_cv_FUSE_LIBS='-lfuse -pthread'

## ----------------- ##
## Output variables. ##
## ----------------- ##

ACLOCAL='${SHELL} /home/csci4180/fuse-tutorial-2018-02-04/missing aclocal-1.16'
AMDEPBACKSLASH='\'
AMDEP_FALSE='#'
AMDEP_TRUE=''
AMTAR='$${TAR-tar}'
AM_BACKSLASH='\'
AM_DEFAULT_V='$(AM_DEFAULT_VERBOSITY)'
AM_DEFAULT_VERBOSITY='1'
AM_V='$(V)'
AUTOCONF='${SHELL} /home/csci4180/fuse-tutorial-2018-02-04/missing autoconf'
AUTOHEADER='${SHELL} /home/csci4180/fuse-tutorial-2018-02-04/missing autoheader'
AUTOMAKE='${SHELL} /home/csci4180/fuse-tutorial-2018-02-04/missing automake-1.16'
AWK='gawk'
CC='gcc'
CCDEPMODE='depmode=gcc3'
CFLAGS='-g -O2'
CPP='gcc -E'
CPPFLAGS=''
CYGPATH_W='echo'
DEFS='-DHAVE_CONFIG_H'
DEPDIR='.deps'
ECHO_C=''
ECHO_N='-n'
ECHO_T=''
EGREP='/bin/grep -E'
EXEEXT=''
FUSE_CFLAGS='-D_FILE_OFFSET_BITS=64 -I/usr/include/fuse'
FUSE_LIBS='-lfuse -pthread'
GREP='/bin/grep'
INSTALL_DATA='${INSTALL} -m 644'
INSTALL_PROGRAM='${INSTALL}'
INSTALL_SCRIPT='${INSTALL}'
INSTALL_STRIP_PROGRAM='$(install_sh) -c -s'
LDFLAGS=''
LIBOBJS=''
LIBS=''
LTLIBOBJS=''
MAKEINFO='${SHELL} /home/csci4180/fuse-tutorial-2018-02-04/missing makeinfo'
MKDIR_P='/bin/mkdir -p'
OBJEXT='o'
PACKAGE='fuse-tutorial'
PACKAGE_BUGREPORT='joseph@pfeifferfamily.net'
PACKAGE_NAME='fuse-tutorial'
PACKAGE_STRING='fuse-tutorial 2018-02-04'
PACKAGE_TARNAME='fuse-tutorial'
PACKAGE_URL=''
PACKAGE_VERSION='2018-02-04'
PATH_SEPARATOR=':'
PKG_CONFIG='/usr/bin/pkg-config'
PKG_CONFIG_LIBDIR=''
PKG_CONFIG_PATH=''
SET_MAKE=''
SHELL='/bin/bash'
STRIP=''
VERSION='2018-02-04'
ac_ct_CC='gcc'
am__EXEEXT_FALSE=''
am__EXEEXT_TRUE='#'
am__fastdepCC_FALSE='#'
am__fastdepCC_TRUE=''
am__include='include'
am__isrc=''
am__leading_dot='.'
am__nodep='_no'
am__quote=''
am__tar='$${TAR-tar} chof - "$$tardir"'
am__untar='$${TAR-tar} xf -'
bindir='${exec_prefix}/bin'
build_alias=''
datadir='${datarootdir}'
datarootdir='${prefix}/share'
docdir='${datarootdir}/doc/${PACKAGE_TARNAME}'
dvidir='${docdir}'
exec_prefix='${prefix}'
host_alias=''
htmldir='${docdir}'
includedir='${prefix}/include'
infodir='${datarootdir}/info'
install_sh='${SHELL} /home/csci4180/fuse-tutorial-2018-02-04/install-sh'
libdir='${exec_prefix}/lib'
libexecdir='${exec_prefix}/libexec'
localedir='${datarootdir}/locale'
localstatedir='${prefix}/var'
mandir='${datarootdir}/man'
mkdir_p='$(MKDIR_P)'
oldincludedir='/usr/include'
pdfdir='${docdir}'
prefix='/usr/local'
program_transform_name='s,x,x,'
psdir='${docdir}'
runstatedir='${localstatedir}/run'
sbindir='${exec_prefix}/sbin'
sharedstatedir='${prefix}/com'
sysconfdir='${prefix}/etc'
target_alias=''

## ----------- ##
## confdefs.h. ##
## ----------- ##

/* confdefs.h */
#define PACKAGE_NAME "fuse-tutorial"
#define PACKAGE_TARNAME "fuse-tutorial"
#define PACKAGE_VERSION "2018-02-04"
#define PACKAGE_STRING "fuse-tutorial 2018-02-04"
#define PACKAGE_BUGREPORT "joseph@pfeifferfamily.net"
#define PACKAGE_URL ""
#define PACKAGE "fuse-tutorial"
#define VERSION "2018-02-04"
#define STDC_HEADERS 1
#define HAVE_SYS_TYPES_H 1
#define HAVE_SYS_STAT_H 1
#define HAVE_STDLIB_H 1
#define HAVE_STRING_H 1
#define HAVE_MEMORY_H 1
#define HAVE_STRINGS_H 1
#define HAVE_INTTYPES_H 1
#define HAVE_STDINT_H 1
#define HAVE_UNISTD_H 1
#define HAVE_FCNTL_H 1
#define HAVE_LIMITS_H 1
#define HAVE_STDLIB_H 1
#define HAVE_STRING_H 1
#define HAVE_SYS_STATVFS_H 1
#define HAVE_UNISTD_H 1
#define HAVE_UTIME_H 1
#define HAVE_SYS_XATTR_H 1
#define HAVE_SYS_SOCKET_H 1
#define HAVE_ERRNO_H 1
#define HAVE_SYS_MMAN_H 1
#define HAVE_MATH_H 1
#define HAVE_PTHREAD_H 1
#define HAVE_STRUCT_STAT_ST_BLKSIZE 1
#define HAVE_STRUCT_STAT_ST_BLOCKS 1
#define HAVE_ST_BLOCKS 1
#define HAVE_STRUCT_STAT_ST_RDEV 1
#define HAVE_UNISTD_H 1
#define HAVE_CHOWN 1
#define LSTAT_FOLLOWS_SLASHED_SYMLINK 1
#define HAVE_STDLIB_H 1
#define HAVE_MALLOC 1
#define HAVE_FTRUNCATE 1
#define HAVE_MKDIR 1
#define HAVE_MKFIFO 1
#define HAVE_REALPATH 1
#define HAVE_RMDIR 1
#define HAVE_STRERROR 1
#define HAVE_UTIME 1
#define HAVE_FDATASYNC 1

configure: exit 0

## ---------------------- ##
## Running config.status. ##
## ---------------------- ##

This file was extended by fuse-tutorial config.status 2018-02-04, which was
generated by GNU Autoconf 2.69.  Invocation command line was

  CONFIG_FILES    = 
  CONFIG_HEADERS  = 
  CONFIG_LINKS    = 
  CONFIG_COMMANDS = 
  $ ./config.status 

on vm1

config.status:890: creating Makefile
config.status:890: creating html/Makefile
config.status:890: creating src/Makefile
config.status:890: creating src/config.h
config.status:1071: src/config.h is unchanged
config.status:1119: executing depfiles commands
config.status:1196: cd src       && sed -e '/# am--include-marker/d' Makefile         | make -f - am--depfiles
make[2]: Entering directory '/home/csci4180/fuse-tutorial-2018-02-04/src'
make[2]: Nothing to be done for 'am--depfiles'.
make[2]: Leaving directory '/home/csci4180/fuse-tutorial-2018-02-04/src'
config.status:1201: $? = 0

## ---------------------- ##
## Running config.status. ##
## ---------------------- ##

This file was extended by fuse-tutorial config.status 2018-02-04, which was
generated by GNU Autoconf 2.69.  Invocation command line was

  CONFIG_FILES    = 
  CONFIG_HEADERS  = 
  CONFIG_LINKS    = 
  CONFIG_COMMANDS = 
  $ ./config.status src/config.h

on vm1

config.status:890: creating src/config.h
config.status:1071: src/config.h is unchanged
